#! /usr/share/iverilog-0.9.7/bin/vvp
:ivl_version "0.9.7 " "(v0_9_6)";
:vpi_time_precision - 12;
:vpi_module "system";
:vpi_module "v2005_math";
:vpi_module "va_math";
S_0x1479100 .scope module, "testeAssincrono" "testeAssincrono" 2 3;
 .timescale -9 -12;
v0x1495470_0 .net "ackPER1", 1 0, v0x14949f0_0; 1 drivers
v0x1495540_0 .net "ackPER2", 1 0, v0x1494290_0; 1 drivers
v0x1495610_0 .var "clkCPU", 0 0;
v0x1495690_0 .var "clkPER1", 0 0;
v0x1495710_0 .var "clkPER2", 0 0;
v0x14957c0_0 .net "dataCPU1", 15 0, v0x14950b0_0; 1 drivers
v0x1495890_0 .net "dataCPU2", 15 0, v0x1495130_0; 1 drivers
v0x1495960_0 .var "rst", 0 0;
v0x1495a30_0 .net "sendCPU1", 1 0, v0x14951e0_0; 1 drivers
v0x1495b00_0 .net "sendCPU2", 1 0, v0x14952e0_0; 1 drivers
S_0x1494b60 .scope module, "cpu" "assCPU" 2 20, 3 3, S_0x1479100;
 .timescale -9 -12;
v0x1494d40_0 .net "clkCPU", 0 0, v0x1495610_0; 1 drivers
v0x1494e00_0 .var "currentStateCPU", 0 0;
v0x1494ea0_0 .alias "inAck1", 1 0, v0x1495470_0;
v0x1494f50_0 .alias "inAck2", 1 0, v0x1495540_0;
v0x1495030_0 .var "nextStateCPU", 0 0;
v0x14950b0_0 .var "outData1", 15 0;
v0x1495130_0 .var "outData2", 15 0;
v0x14951e0_0 .var "outSend1", 1 0;
v0x14952e0_0 .var "outSend2", 1 0;
v0x1495390_0 .net "rstCPU", 0 0, v0x1495960_0; 1 drivers
E_0x1494c50 .event edge, v0x1494330_0, v0x1494d40_0, v0x1494e00_0;
E_0x1494ca0 .event edge, v0x1494e00_0, v0x14949f0_0, v0x1494290_0;
E_0x1494cf0 .event posedge, v0x1494d40_0;
S_0x1494420 .scope module, "per1" "assPeriferico" 2 31, 3 86, S_0x1479100;
 .timescale -9 -12;
v0x1494600_0 .net "clkPER", 0 0, v0x1495690_0; 1 drivers
v0x14946c0_0 .var "currentStatePER", 0 0;
v0x1494760_0 .var "dataPER", 15 0;
v0x1494800_0 .alias "inData", 15 0, v0x14957c0_0;
v0x14948b0_0 .alias "inSend", 1 0, v0x1495a30_0;
v0x1494950_0 .var "nextStatePER", 0 0;
v0x14949f0_0 .var "outAck", 1 0;
v0x1494a90_0 .alias "rstPER", 0 0, v0x1495390_0;
E_0x14940e0 .event edge, v0x1494330_0, v0x14946c0_0, v0x14948b0_0, v0x1494800_0;
E_0x1494560 .event edge, v0x14946c0_0, v0x14948b0_0;
E_0x14945b0 .event posedge, v0x1494600_0;
S_0x14791f0 .scope module, "per2" "assPeriferico" 2 39, 3 86, S_0x1479100;
 .timescale -9 -12;
v0x14628c0_0 .net "clkPER", 0 0, v0x1495710_0; 1 drivers
v0x1493f20_0 .var "currentStatePER", 0 0;
v0x1493fc0_0 .var "dataPER", 15 0;
v0x1494060_0 .alias "inData", 15 0, v0x1495890_0;
v0x1494110_0 .alias "inSend", 1 0, v0x1495b00_0;
v0x14941b0_0 .var "nextStatePER", 0 0;
v0x1494290_0 .var "outAck", 1 0;
v0x1494330_0 .alias "rstPER", 0 0, v0x1495390_0;
E_0x14762e0 .event edge, v0x1494330_0, v0x1493f20_0, v0x1494110_0, v0x1494060_0;
E_0x1467860 .event edge, v0x1493f20_0, v0x1494110_0;
E_0x1461a50 .event posedge, v0x14628c0_0;
    .scope S_0x1494b60;
T_0 ;
    %set/v v0x14951e0_0, 0, 2;
    %end;
    .thread T_0;
    .scope S_0x1494b60;
T_1 ;
    %set/v v0x14952e0_0, 0, 2;
    %end;
    .thread T_1;
    .scope S_0x1494b60;
T_2 ;
    %wait E_0x1494cf0;
    %load/v 8, v0x1495390_0, 1;
    %mov 9, 0, 2;
    %cmpi/u 8, 1, 3;
    %jmp/0xz  T_2.0, 4;
    %ix/load 0, 1, 0;
    %assign/v0 v0x1494e00_0, 0, 0;
    %jmp T_2.1;
T_2.0 ;
    %load/v 8, v0x1495030_0, 1;
    %ix/load 0, 1, 0;
    %assign/v0 v0x1494e00_0, 0, 8;
T_2.1 ;
    %jmp T_2;
    .thread T_2;
    .scope S_0x1494b60;
T_3 ;
    %wait E_0x1494ca0;
    %load/v 8, v0x1494e00_0, 1;
    %cmpi/u 8, 0, 1;
    %jmp/1 T_3.0, 6;
    %cmpi/u 8, 1, 1;
    %jmp/1 T_3.1, 6;
    %jmp T_3.2;
T_3.0 ;
    %load/v 8, v0x1494ea0_0, 2;
    %mov 10, 0, 1;
    %cmpi/u 8, 1, 3;
    %mov 8, 4, 1;
    %load/v 9, v0x1494f50_0, 2;
    %mov 11, 0, 1;
    %cmpi/u 9, 1, 3;
    %or 8, 4, 1;
    %jmp/0xz  T_3.3, 8;
    %set/v v0x1495030_0, 1, 1;
    %jmp T_3.4;
T_3.3 ;
    %set/v v0x1495030_0, 0, 1;
T_3.4 ;
    %jmp T_3.2;
T_3.1 ;
    %load/v 8, v0x1494ea0_0, 2;
    %mov 10, 0, 1;
    %cmpi/u 8, 1, 3;
    %mov 8, 4, 1;
    %load/v 9, v0x1494f50_0, 2;
    %mov 11, 0, 1;
    %cmpi/u 9, 1, 3;
    %or 8, 4, 1;
    %jmp/0xz  T_3.5, 8;
    %set/v v0x1495030_0, 1, 1;
    %jmp T_3.6;
T_3.5 ;
    %set/v v0x1495030_0, 0, 1;
T_3.6 ;
    %jmp T_3.2;
T_3.2 ;
    %jmp T_3;
    .thread T_3, $push;
    .scope S_0x1494b60;
T_4 ;
    %wait E_0x1494c50;
    %load/v 8, v0x1495390_0, 1;
    %mov 9, 0, 1;
    %cmpi/u 8, 0, 2;
    %mov 8, 4, 1;
    %load/v 9, v0x1494d40_0, 1;
    %mov 10, 0, 2;
    %cmpi/u 9, 1, 3;
    %mov 9, 4, 1;
    %and 8, 9, 1;
    %jmp/0xz  T_4.0, 8;
    %load/v 8, v0x1494e00_0, 1;
    %cmpi/u 8, 0, 1;
    %jmp/1 T_4.2, 6;
    %cmpi/u 8, 1, 1;
    %jmp/1 T_4.3, 6;
    %jmp T_4.4;
T_4.2 ;
    %movi 8, 1, 2;
    %set/v v0x14951e0_0, 8, 2;
    %vpi_func 3 53 "$urandom", 8, 32;
    %movi 40, 15, 32;
    %mod 8, 40, 32;
    %set/v v0x14950b0_0, 8, 16;
    %jmp T_4.4;
T_4.3 ;
    %set/v v0x14951e0_0, 0, 2;
    %jmp T_4.4;
T_4.4 ;
T_4.0 ;
    %jmp T_4;
    .thread T_4, $push;
    .scope S_0x1494b60;
T_5 ;
    %wait E_0x1494c50;
    %load/v 8, v0x1495390_0, 1;
    %mov 9, 0, 1;
    %cmpi/u 8, 0, 2;
    %mov 8, 4, 1;
    %load/v 9, v0x1494d40_0, 1;
    %mov 10, 0, 2;
    %cmpi/u 9, 1, 3;
    %mov 9, 4, 1;
    %and 8, 9, 1;
    %jmp/0xz  T_5.0, 8;
    %load/v 8, v0x1494e00_0, 1;
    %cmpi/u 8, 0, 1;
    %jmp/1 T_5.2, 6;
    %cmpi/u 8, 1, 1;
    %jmp/1 T_5.3, 6;
    %jmp T_5.4;
T_5.2 ;
    %movi 8, 1, 2;
    %set/v v0x14952e0_0, 8, 2;
    %vpi_func 3 73 "$urandom", 8, 32;
    %movi 40, 15, 32;
    %mod 8, 40, 32;
    %set/v v0x1495130_0, 8, 16;
    %jmp T_5.4;
T_5.3 ;
    %set/v v0x14952e0_0, 0, 2;
    %jmp T_5.4;
T_5.4 ;
T_5.0 ;
    %jmp T_5;
    .thread T_5, $push;
    .scope S_0x1494420;
T_6 ;
    %set/v v0x14949f0_0, 0, 2;
    %end;
    .thread T_6;
    .scope S_0x1494420;
T_7 ;
    %wait E_0x14945b0;
    %load/v 8, v0x1494a90_0, 1;
    %mov 9, 0, 2;
    %cmpi/u 8, 1, 3;
    %jmp/0xz  T_7.0, 4;
    %ix/load 0, 1, 0;
    %assign/v0 v0x14946c0_0, 0, 0;
    %jmp T_7.1;
T_7.0 ;
    %load/v 8, v0x1494950_0, 1;
    %ix/load 0, 1, 0;
    %assign/v0 v0x14946c0_0, 0, 8;
T_7.1 ;
    %jmp T_7;
    .thread T_7;
    .scope S_0x1494420;
T_8 ;
    %wait E_0x1494560;
    %load/v 8, v0x14946c0_0, 1;
    %cmpi/u 8, 0, 1;
    %jmp/1 T_8.0, 6;
    %cmpi/u 8, 1, 1;
    %jmp/1 T_8.1, 6;
    %jmp T_8.2;
T_8.0 ;
    %load/v 8, v0x14948b0_0, 2;
    %mov 10, 0, 1;
    %cmpi/u 8, 1, 3;
    %jmp/0xz  T_8.3, 4;
    %set/v v0x1494950_0, 1, 1;
    %jmp T_8.4;
T_8.3 ;
    %set/v v0x1494950_0, 0, 1;
T_8.4 ;
    %jmp T_8.2;
T_8.1 ;
    %load/v 8, v0x14948b0_0, 2;
    %mov 10, 0, 1;
    %cmpi/u 8, 1, 3;
    %jmp/0xz  T_8.5, 4;
    %set/v v0x1494950_0, 1, 1;
    %jmp T_8.6;
T_8.5 ;
    %set/v v0x1494950_0, 0, 1;
T_8.6 ;
    %jmp T_8.2;
T_8.2 ;
    %jmp T_8;
    .thread T_8, $push;
    .scope S_0x1494420;
T_9 ;
    %wait E_0x14940e0;
    %load/v 8, v0x1494a90_0, 1;
    %mov 9, 0, 1;
    %cmpi/u 8, 0, 2;
    %jmp/0xz  T_9.0, 4;
    %load/v 8, v0x14946c0_0, 1;
    %cmpi/u 8, 0, 1;
    %jmp/1 T_9.2, 6;
    %cmpi/u 8, 1, 1;
    %jmp/1 T_9.3, 6;
    %jmp T_9.4;
T_9.2 ;
    %set/v v0x14949f0_0, 0, 2;
    %jmp T_9.4;
T_9.3 ;
    %load/v 8, v0x14948b0_0, 2;
    %mov 10, 0, 1;
    %cmpi/u 8, 1, 3;
    %jmp/0xz  T_9.5, 4;
    %load/v 8, v0x1494800_0, 16;
    %set/v v0x1494760_0, 8, 16;
T_9.5 ;
    %movi 8, 1, 2;
    %set/v v0x14949f0_0, 8, 2;
    %jmp T_9.4;
T_9.4 ;
T_9.0 ;
    %jmp T_9;
    .thread T_9, $push;
    .scope S_0x14791f0;
T_10 ;
    %set/v v0x1494290_0, 0, 2;
    %end;
    .thread T_10;
    .scope S_0x14791f0;
T_11 ;
    %wait E_0x1461a50;
    %load/v 8, v0x1494330_0, 1;
    %mov 9, 0, 2;
    %cmpi/u 8, 1, 3;
    %jmp/0xz  T_11.0, 4;
    %ix/load 0, 1, 0;
    %assign/v0 v0x1493f20_0, 0, 0;
    %jmp T_11.1;
T_11.0 ;
    %load/v 8, v0x14941b0_0, 1;
    %ix/load 0, 1, 0;
    %assign/v0 v0x1493f20_0, 0, 8;
T_11.1 ;
    %jmp T_11;
    .thread T_11;
    .scope S_0x14791f0;
T_12 ;
    %wait E_0x1467860;
    %load/v 8, v0x1493f20_0, 1;
    %cmpi/u 8, 0, 1;
    %jmp/1 T_12.0, 6;
    %cmpi/u 8, 1, 1;
    %jmp/1 T_12.1, 6;
    %jmp T_12.2;
T_12.0 ;
    %load/v 8, v0x1494110_0, 2;
    %mov 10, 0, 1;
    %cmpi/u 8, 1, 3;
    %jmp/0xz  T_12.3, 4;
    %set/v v0x14941b0_0, 1, 1;
    %jmp T_12.4;
T_12.3 ;
    %set/v v0x14941b0_0, 0, 1;
T_12.4 ;
    %jmp T_12.2;
T_12.1 ;
    %load/v 8, v0x1494110_0, 2;
    %mov 10, 0, 1;
    %cmpi/u 8, 1, 3;
    %jmp/0xz  T_12.5, 4;
    %set/v v0x14941b0_0, 1, 1;
    %jmp T_12.6;
T_12.5 ;
    %set/v v0x14941b0_0, 0, 1;
T_12.6 ;
    %jmp T_12.2;
T_12.2 ;
    %jmp T_12;
    .thread T_12, $push;
    .scope S_0x14791f0;
T_13 ;
    %wait E_0x14762e0;
    %load/v 8, v0x1494330_0, 1;
    %mov 9, 0, 1;
    %cmpi/u 8, 0, 2;
    %jmp/0xz  T_13.0, 4;
    %load/v 8, v0x1493f20_0, 1;
    %cmpi/u 8, 0, 1;
    %jmp/1 T_13.2, 6;
    %cmpi/u 8, 1, 1;
    %jmp/1 T_13.3, 6;
    %jmp T_13.4;
T_13.2 ;
    %set/v v0x1494290_0, 0, 2;
    %jmp T_13.4;
T_13.3 ;
    %load/v 8, v0x1494110_0, 2;
    %mov 10, 0, 1;
    %cmpi/u 8, 1, 3;
    %jmp/0xz  T_13.5, 4;
    %load/v 8, v0x1494060_0, 16;
    %set/v v0x1493fc0_0, 8, 16;
T_13.5 ;
    %movi 8, 1, 2;
    %set/v v0x1494290_0, 8, 2;
    %jmp T_13.4;
T_13.4 ;
T_13.0 ;
    %jmp T_13;
    .thread T_13, $push;
    .scope S_0x1479100;
T_14 ;
    %vpi_call 2 48 "$dumpfile", "dump.vcd";
    %vpi_call 2 49 "$dumpvars";
    %set/v v0x1495610_0, 0, 1;
    %set/v v0x1495690_0, 0, 1;
    %set/v v0x1495710_0, 0, 1;
    %set/v v0x1495960_0, 1, 1;
    %delay 100000, 0;
    %set/v v0x1495960_0, 0, 1;
    %delay 100000, 0;
    %delay 10000, 0;
    %delay 17000, 0;
    %delay 8000, 0;
    %vpi_call 2 64 "$finish";
    %end;
    .thread T_14;
    .scope S_0x1479100;
T_15 ;
    %delay 10000, 0;
    %load/v 8, v0x1495610_0, 1;
    %inv 8, 1;
    %set/v v0x1495610_0, 8, 1;
    %jmp T_15;
    .thread T_15;
    .scope S_0x1479100;
T_16 ;
    %delay 17000, 0;
    %load/v 8, v0x1495690_0, 1;
    %inv 8, 1;
    %set/v v0x1495690_0, 8, 1;
    %jmp T_16;
    .thread T_16;
    .scope S_0x1479100;
T_17 ;
    %delay 8000, 0;
    %load/v 8, v0x1495710_0, 1;
    %inv 8, 1;
    %set/v v0x1495710_0, 8, 1;
    %jmp T_17;
    .thread T_17;
# The file index is used to find the file name in the following table.
:file_names 4;
    "N/A";
    "<interactive>";
    "testbench.sv";
    "design.sv";
